<?xml version="1.0" encoding="UTF-8"?>
<!-- Generated by org.testng.reporters.JUnitReportReporter -->
<testsuite skipped="0" hostname="DESKTOP-8H5UHAC" name="com.mvc.test.DBConnectionTest" tests="3" failures="0" timestamp="2019-09-30T12:36:36 IST" time="1.450" errors="0">
  <testcase name="testDBConnection" time="1.390" classname="com.mvc.test.DBConnectionTest"/>
  <testcase name="f" time="0.015" classname="com.mvc.test.DBConnectionTest"/>
  <testcase name="f" time="0.045" classname="com.mvc.test.DBConnectionTest"/>
</testsuite> <!-- com.mvc.test.DBConnectionTest -->
